AeroScanner/app/build/intermediates/manifest_merge_blame_file/debug/processDebugMainManifest/manifest-merger-blame-debug-report.txt
1<?xml version="1.0" encoding="utf-8"?>
2<manifest xmlns:android="http://schemas.android.com/apk/res/android"
3    package="com.aeroscanner"
4    android:versionCode="1"
5    android:versionName="1.0" >
6
7    <uses-sdk
8        android:minSdkVersion="26"
9        android:targetSdkVersion="34" />
10
11    <uses-permission android:name="android.permission.INTERNET" />
11-->src/main/AndroidManifest.xml:4:5-67
11-->src/main/AndroidManifest.xml:4:22-64
12    <uses-permission android:name="android.permission.ACCESS_FINE_LOCATION" />
12-->src/main/AndroidManifest.xml:5:5-79
12-->src/main/AndroidManifest.xml:5:22-76
13    <uses-permission android:name="android.permission.ACCESS_COARSE_LOCATION" />
13-->src/main/AndroidManifest.xml:6:5-81
13-->src/main/AndroidManifest.xml:6:22-78
14    <uses-permission android:name="android.permission.CAMERA" />
14-->src/main/AndroidManifest.xml:7:5-65
14-->src/main/AndroidManifest.xml:7:22-62
15    <uses-permission android:name="android.permission.BLUETOOTH" />
15-->src/main/AndroidManifest.xml:8:5-68
15-->src/main/AndroidManifest.xml:8:22-65
16    <uses-permission android:name="android.permission.BLUETOOTH_ADMIN" />
16-->src/main/AndroidManifest.xml:9:5-74
16-->src/main/AndroidManifest.xml:9:22-71
17    <uses-permission
17-->src/main/AndroidManifest.xml:10:5-11:58
18        android:name="android.permission.BLUETOOTH_SCAN"
18-->src/main/AndroidManifest.xml:10:22-70
19        android:usesPermissionFlags="neverForLocation" />
19-->src/main/AndroidManifest.xml:11:9-55
20    <uses-permission android:name="android.permission.BLUETOOTH_CONNECT" />
20-->src/main/AndroidManifest.xml:12:5-76
20-->src/main/AndroidManifest.xml:12:22-73
21
22    <uses-feature
22-->src/main/AndroidManifest.xml:14:5-85
23        android:name="android.hardware.camera"
23-->src/main/AndroidManifest.xml:14:19-57
24        android:required="false" />
24-->src/main/AndroidManifest.xml:14:58-82
25    <uses-feature
25-->src/main/AndroidManifest.xml:15:5-91
26        android:name="android.hardware.bluetooth_le"
26-->src/main/AndroidManifest.xml:15:19-63
27        android:required="false" />
27-->src/main/AndroidManifest.xml:15:64-88
28    <uses-feature
28-->src/main/AndroidManifest.xml:16:5-91
29        android:name="android.hardware.location.gps"
29-->src/main/AndroidManifest.xml:16:19-63
30        android:required="false" />
30-->src/main/AndroidManifest.xml:16:64-88
31
32    <permission
32-->[androidx.core:core:1.13.0] AndroidManifest.xml:22:5-24:47
33        android:name="com.aeroscanner.DYNAMIC_RECEIVER_NOT_EXPORTED_PERMISSION"
33-->[androidx.core:core:1.13.0] AndroidManifest.xml:23:9-81
34        android:protectionLevel="signature" />
34-->[androidx.core:core:1.13.0] AndroidManifest.xml:24:9-44
35
36    <uses-permission android:name="com.aeroscanner.DYNAMIC_RECEIVER_NOT_EXPORTED_PERMISSION" /> <!-- Although the *SdkVersion is captured in gradle build files, this is required for non gradle builds -->
36-->[androidx.core:core:1.13.0] AndroidManifest.xml:26:5-97
36-->[androidx.core:core:1.13.0] AndroidManifest.xml:26:22-94
37    <!-- <uses-sdk android:minSdkVersion="14"/> -->
38    <uses-permission android:name="android.permission.ACCESS_NETWORK_STATE" />
38-->[com.google.android.datatransport:transport-backend-cct:2.2.2] AndroidManifest.xml:25:5-79
38-->[com.google.android.datatransport:transport-backend-cct:2.2.2] AndroidManifest.xml:25:22-76
39
40    <application
40-->src/main/AndroidManifest.xml:18:5-33:19
41        android:allowBackup="true"
41-->src/main/AndroidManifest.xml:19:9-35
42        android:appComponentFactory="androidx.core.app.CoreComponentFactory"
42-->[androidx.core:core:1.13.0] AndroidManifest.xml:28:18-86
43        android:debuggable="true"
44        android:extractNativeLibs="false"
45        android:label="AeroScanner"
45-->src/main/AndroidManifest.xml:20:9-36
46        android:supportsRtl="true"
46-->src/main/AndroidManifest.xml:21:9-35
47        android:theme="@style/Theme.AeroScanner" >
47-->src/main/AndroidManifest.xml:22:9-49
48        <activity
48-->src/main/AndroidManifest.xml:24:9-32:20
49            android:name="com.aeroscanner.MainActivity"
49-->src/main/AndroidManifest.xml:25:13-41
50            android:exported="true"
50-->src/main/AndroidManifest.xml:26:13-36
51            android:windowSoftInputMode="adjustResize" >
51-->src/main/AndroidManifest.xml:27:13-55
52            <intent-filter>
52-->src/main/AndroidManifest.xml:28:13-31:29
53                <action android:name="android.intent.action.MAIN" />
53-->src/main/AndroidManifest.xml:29:17-69
53-->src/main/AndroidManifest.xml:29:25-66
54
55                <category android:name="android.intent.category.LAUNCHER" />
55-->src/main/AndroidManifest.xml:30:17-77
55-->src/main/AndroidManifest.xml:30:27-74
56            </intent-filter>
57        </activity>
58        <!--
59        Service for holding metadata. Cannot be instantiated.
60        Metadata will be merged from other manifests.
61        -->
62        <service
62-->[androidx.camera:camera-core:1.3.1] AndroidManifest.xml:29:9-33:78
63            android:name="androidx.camera.core.impl.MetadataHolderService"
63-->[androidx.camera:camera-core:1.3.1] AndroidManifest.xml:30:13-75
64            android:enabled="false"
64-->[androidx.camera:camera-core:1.3.1] AndroidManifest.xml:31:13-36
65            android:exported="false" >
65-->[androidx.camera:camera-core:1.3.1] AndroidManifest.xml:32:13-37
66            <meta-data
66-->[androidx.camera:camera-camera2:1.3.1] AndroidManifest.xml:30:13-32:89
67                android:name="androidx.camera.core.impl.MetadataHolderService.DEFAULT_CONFIG_PROVIDER"
67-->[androidx.camera:camera-camera2:1.3.1] AndroidManifest.xml:31:17-103
68                android:value="androidx.camera.camera2.Camera2Config$DefaultProvider" />
68-->[androidx.camera:camera-camera2:1.3.1] AndroidManifest.xml:32:17-86
69        </service>
70        <service
70-->[com.google.android.gms:play-services-mlkit-text-recognition:16.0.0] AndroidManifest.xml:9:9-15:19
71            android:name="com.google.mlkit.common.internal.MlKitComponentDiscoveryService"
71-->[com.google.android.gms:play-services-mlkit-text-recognition:16.0.0] AndroidManifest.xml:10:13-91
72            android:directBootAware="true"
72-->[com.google.mlkit:common:16.0.0] AndroidManifest.xml:17:13-43
73            android:exported="false" >
73-->[com.google.android.gms:play-services-mlkit-text-recognition:16.0.0] AndroidManifest.xml:11:13-37
74            <meta-data
74-->[com.google.android.gms:play-services-mlkit-text-recognition:16.0.0] AndroidManifest.xml:12:13-14:85
75                android:name="com.google.firebase.components:com.google.mlkit.vision.text.internal.TextRegistrar"
75-->[com.google.android.gms:play-services-mlkit-text-recognition:16.0.0] AndroidManifest.xml:13:17-114
76                android:value="com.google.firebase.components.ComponentRegistrar" />
76-->[com.google.android.gms:play-services-mlkit-text-recognition:16.0.0] AndroidManifest.xml:14:17-82
77            <meta-data
77-->[com.google.mlkit:vision-common:16.0.0] AndroidManifest.xml:12:13-14:85
78                android:name="com.google.firebase.components:com.google.mlkit.vision.common.internal.VisionCommonRegistrar"
78-->[com.google.mlkit:vision-common:16.0.0] AndroidManifest.xml:13:17-124
79                android:value="com.google.firebase.components.ComponentRegistrar" />
79-->[com.google.mlkit:vision-common:16.0.0] AndroidManifest.xml:14:17-82
80            <meta-data
80-->[com.google.mlkit:common:16.0.0] AndroidManifest.xml:20:13-22:85
81                android:name="com.google.firebase.components:com.google.mlkit.common.internal.CommonComponentRegistrar"
81-->[com.google.mlkit:common:16.0.0] AndroidManifest.xml:21:17-120
82                android:value="com.google.firebase.components.ComponentRegistrar" />
82-->[com.google.mlkit:common:16.0.0] AndroidManifest.xml:22:17-82
83        </service>
84
85        <provider
85-->[com.google.mlkit:common:16.0.0] AndroidManifest.xml:9:9-13:38
86            android:name="com.google.mlkit.common.internal.MlKitInitProvider"
86-->[com.google.mlkit:common:16.0.0] AndroidManifest.xml:10:13-78
87            android:authorities="com.aeroscanner.mlkitinitprovider"
87-->[com.google.mlkit:common:16.0.0] AndroidManifest.xml:11:13-69
88            android:exported="false"
88-->[com.google.mlkit:common:16.0.0] AndroidManifest.xml:12:13-37
89            android:initOrder="99" />
89-->[com.google.mlkit:common:16.0.0] AndroidManifest.xml:13:13-35
90
91        <activity
91-->[com.google.android.gms:play-services-base:18.3.0] AndroidManifest.xml:20:9-22:45
92            android:name="com.google.android.gms.common.api.GoogleApiActivity"
92-->[com.google.android.gms:play-services-base:18.3.0] AndroidManifest.xml:20:19-85
93            android:exported="false"
93-->[com.google.android.gms:play-services-base:18.3.0] AndroidManifest.xml:22:19-43
94            android:theme="@android:style/Theme.Translucent.NoTitleBar" />
94-->[com.google.android.gms:play-services-base:18.3.0] AndroidManifest.xml:21:19-78
95
96        <meta-data
96-->[com.google.android.gms:play-services-basement:18.3.0] AndroidManifest.xml:21:9-23:69
97            android:name="com.google.android.gms.version"
97-->[com.google.android.gms:play-services-basement:18.3.0] AndroidManifest.xml:22:13-58
98            android:value="@integer/google_play_services_version" />
98-->[com.google.android.gms:play-services-basement:18.3.0] AndroidManifest.xml:23:13-66
99
100        <activity
100-->[androidx.compose.ui:ui-tooling-android:1.6.8] AndroidManifest.xml:23:9-25:39
101            android:name="androidx.compose.ui.tooling.PreviewActivity"
101-->[androidx.compose.ui:ui-tooling-android:1.6.8] AndroidManifest.xml:24:13-71
102            android:exported="true" />
102-->[androidx.compose.ui:ui-tooling-android:1.6.8] AndroidManifest.xml:25:13-36
103
104        <provider
104-->[androidx.emoji2:emoji2:1.3.0] AndroidManifest.xml:24:9-32:20
105            android:name="androidx.startup.InitializationProvider"
105-->[androidx.emoji2:emoji2:1.3.0] AndroidManifest.xml:25:13-67
106            android:authorities="com.aeroscanner.androidx-startup"
106-->[androidx.emoji2:emoji2:1.3.0] AndroidManifest.xml:26:13-68
107            android:exported="false" >
107-->[androidx.emoji2:emoji2:1.3.0] AndroidManifest.xml:27:13-37
108            <meta-data
108-->[androidx.emoji2:emoji2:1.3.0] AndroidManifest.xml:29:13-31:52
109                android:name="androidx.emoji2.text.EmojiCompatInitializer"
109-->[androidx.emoji2:emoji2:1.3.0] AndroidManifest.xml:30:17-75
110                android:value="androidx.startup" />
110-->[androidx.emoji2:emoji2:1.3.0] AndroidManifest.xml:31:17-49
111            <meta-data
111-->[androidx.lifecycle:lifecycle-process:2.8.0] AndroidManifest.xml:29:13-31:52
112                android:name="androidx.lifecycle.ProcessLifecycleInitializer"
112-->[androidx.lifecycle:lifecycle-process:2.8.0] AndroidManifest.xml:30:17-78
113                android:value="androidx.startup" />
113-->[androidx.lifecycle:lifecycle-process:2.8.0] AndroidManifest.xml:31:17-49
114            <meta-data
114-->[androidx.profileinstaller:profileinstaller:1.3.1] AndroidManifest.xml:29:13-31:52
115                android:name="androidx.profileinstaller.ProfileInstallerInitializer"
115-->[androidx.profileinstaller:profileinstaller:1.3.1] AndroidManifest.xml:30:17-85
116                android:value="androidx.startup" />
116-->[androidx.profileinstaller:profileinstaller:1.3.1] AndroidManifest.xml:31:17-49
117        </provider>
118
119        <service
119-->[com.google.android.datatransport:transport-backend-cct:2.2.2] AndroidManifest.xml:29:9-35:19
120            android:name="com.google.android.datatransport.runtime.backends.TransportBackendDiscovery"
120-->[com.google.android.datatransport:transport-backend-cct:2.2.2] AndroidManifest.xml:30:13-103
121            android:exported="false" >
121-->[com.google.android.datatransport:transport-backend-cct:2.2.2] AndroidManifest.xml:31:13-37
122            <meta-data
122-->[com.google.android.datatransport:transport-backend-cct:2.2.2] AndroidManifest.xml:32:13-34:39
123                android:name="backend:com.google.android.datatransport.cct.CctBackendFactory"
123-->[com.google.android.datatransport:transport-backend-cct:2.2.2] AndroidManifest.xml:33:17-94
124                android:value="cct" />
124-->[com.google.android.datatransport:transport-backend-cct:2.2.2] AndroidManifest.xml:34:17-36
125        </service>
126        <service
126-->[com.google.android.datatransport:transport-runtime:2.2.2] AndroidManifest.xml:26:9-30:19
127            android:name="com.google.android.datatransport.runtime.scheduling.jobscheduling.JobInfoSchedulerService"
127-->[com.google.android.datatransport:transport-runtime:2.2.2] AndroidManifest.xml:27:13-117
128            android:exported="false"
128-->[com.google.android.datatransport:transport-runtime:2.2.2] AndroidManifest.xml:28:13-37
129            android:permission="android.permission.BIND_JOB_SERVICE" >
129-->[com.google.android.datatransport:transport-runtime:2.2.2] AndroidManifest.xml:29:13-69
130        </service>
131
132        <receiver
132-->[com.google.android.datatransport:transport-runtime:2.2.2] AndroidManifest.xml:32:9-34:40
133            android:name="com.google.android.datatransport.runtime.scheduling.jobscheduling.AlarmManagerSchedulerBroadcastReceiver"
133-->[com.google.android.datatransport:transport-runtime:2.2.2] AndroidManifest.xml:33:13-132
134            android:exported="false" />
134-->[com.google.android.datatransport:transport-runtime:2.2.2] AndroidManifest.xml:34:13-37
135        <receiver
135-->[androidx.profileinstaller:profileinstaller:1.3.1] AndroidManifest.xml:34:9-52:20
136            android:name="androidx.profileinstaller.ProfileInstallReceiver"
136-->[androidx.profileinstaller:profileinstaller:1.3.1] AndroidManifest.xml:35:13-76
137            android:directBootAware="false"
137-->[androidx.profileinstaller:profileinstaller:1.3.1] AndroidManifest.xml:36:13-44
138            android:enabled="true"
138-->[androidx.profileinstaller:profileinstaller:1.3.1] AndroidManifest.xml:37:13-35
139            android:exported="true"
139-->[androidx.profileinstaller:profileinstaller:1.3.1] AndroidManifest.xml:38:13-36
140            android:permission="android.permission.DUMP" >
140-->[androidx.profileinstaller:profileinstaller:1.3.1] AndroidManifest.xml:39:13-57
141            <intent-filter>
141-->[androidx.profileinstaller:profileinstaller:1.3.1] AndroidManifest.xml:40:13-42:29
142                <action android:name="androidx.profileinstaller.action.INSTALL_PROFILE" />
142-->[androidx.profileinstaller:profileinstaller:1.3.1] AndroidManifest.xml:41:17-91
142-->[androidx.profileinstaller:profileinstaller:1.3.1] AndroidManifest.xml:41:25-88
143            </intent-filter>
144            <intent-filter>
144-->[androidx.profileinstaller:profileinstaller:1.3.1] AndroidManifest.xml:43:13-45:29
145                <action android:name="androidx.profileinstaller.action.SKIP_FILE" />
145-->[androidx.profileinstaller:profileinstaller:1.3.1] AndroidManifest.xml:44:17-85
145-->[androidx.profileinstaller:profileinstaller:1.3.1] AndroidManifest.xml:44:25-82
146            </intent-filter>
147            <intent-filter>
147-->[androidx.profileinstaller:profileinstaller:1.3.1] AndroidManifest.xml:46:13-48:29
148                <action android:name="androidx.profileinstaller.action.SAVE_PROFILE" />
148-->[androidx.profileinstaller:profileinstaller:1.3.1] AndroidManifest.xml:47:17-88
148-->[androidx.profileinstaller:profileinstaller:1.3.1] AndroidManifest.xml:47:25-85
149            </intent-filter>
150            <intent-filter>
150-->[androidx.profileinstaller:profileinstaller:1.3.1] AndroidManifest.xml:49:13-51:29
151                <action android:name="androidx.profileinstaller.action.BENCHMARK_OPERATION" />
151-->[androidx.profileinstaller:profileinstaller:1.3.1] AndroidManifest.xml:50:17-95
151-->[androidx.profileinstaller:profileinstaller:1.3.1] AndroidManifest.xml:50:25-92
152            </intent-filter>
153        </receiver>
154    </application>
155
156</manifest>